<?xml version="1.0" encoding="UTF-8"?>
<!-- Generated by org.testng.reporters.JUnitXMLReporter -->
<testsuite hostname="Shashi-Kumar" ignored="0" name="Test" tests="3" failures="0" timestamp="2020-02-13T20:48:11 IST" time="6.42" errors="0">
  <testcase name="@BeforeMethod precondition" time="3.104" classname="com_ActiTime_Generic.BaseTest">
    <failure type="org.openqa.selenium.SessionNotCreatedException" message="session not created: This version of ChromeDriver only supports Chrome version 77
Build info: version: &amp;apos;3.141.59&amp;apos;, revision: &amp;apos;e82be7d358&amp;apos;, time: &amp;apos;2018-11-14T08:25:53&amp;apos;
System info: host: &amp;apos;SHASHI-KUMAR&amp;apos;, ip: &amp;apos;192.168.0.103&amp;apos;, os.name: &amp;apos;Windows 10&amp;apos;, os.arch: &amp;apos;amd64&amp;apos;, os.version: &amp;apos;10.0&amp;apos;, java.version: &amp;apos;1.8.0_231&amp;apos;
Driver info: driver.version: ChromeDriver
remote stacktrace: Backtrace:
	Ordinal0 [0x0143EB13+1501971]
	Ordinal0 [0x013BF6D1+980689]
	Ordinal0 [0x0134765F+489055]
	Ordinal0 [0x012DF2F4+62196]
	Ordinal0 [0x012DBCDA+48346]
	Ordinal0 [0x012F9800+169984]
	Ordinal0 [0x012F942D+169005]
	Ordinal0 [0x012F78EB+162027]
	Ordinal0 [0x012E0AC7+68295]
	Ordinal0 [0x012E1B40+72512]
	Ordinal0 [0x012E1AD9+72409]
	Ordinal0 [0x013D8F37+1085239]
	GetHandleVerifier [0x014DD7ED+503293]
	GetHandleVerifier [0x014DD580+502672]
	GetHandleVerifier [0x014E46AC+531644]
	GetHandleVerifier [0x014DDFFA+505354]
	Ordinal0 [0x013D0606+1050118]
	Ordinal0 [0x013D047F+1049727]
	Ordinal0 [0x013DAF9B+1093531]
	Ordinal0 [0x013DB103+1093891]
	Ordinal0 [0x013DA095+1089685]
	BaseThreadInitThunk [0x750F8494+36]
	RtlAreBitsSet [0x77B841C8+136]
	RtlAreBitsSet [0x77B84198+88]
">
      <![CDATA[org.openqa.selenium.SessionNotCreatedException: session not created: This version of ChromeDriver only supports Chrome version 77
Build info: version: '3.141.59', revision: 'e82be7d358', time: '2018-11-14T08:25:53'
System info: host: 'SHASHI-KUMAR', ip: '192.168.0.103', os.name: 'Windows 10', os.arch: 'amd64', os.version: '10.0', java.version: '1.8.0_231'
Driver info: driver.version: ChromeDriver
remote stacktrace: Backtrace:
Ordinal0 [0x0143EB13+1501971]
Ordinal0 [0x013BF6D1+980689]
Ordinal0 [0x0134765F+489055]
Ordinal0 [0x012DF2F4+62196]
Ordinal0 [0x012DBCDA+48346]
Ordinal0 [0x012F9800+169984]
Ordinal0 [0x012F942D+169005]
Ordinal0 [0x012F78EB+162027]
Ordinal0 [0x012E0AC7+68295]
Ordinal0 [0x012E1B40+72512]
Ordinal0 [0x012E1AD9+72409]
Ordinal0 [0x013D8F37+1085239]
GetHandleVerifier [0x014DD7ED+503293]
GetHandleVerifier [0x014DD580+502672]
GetHandleVerifier [0x014E46AC+531644]
GetHandleVerifier [0x014DDFFA+505354]
Ordinal0 [0x013D0606+1050118]
Ordinal0 [0x013D047F+1049727]
Ordinal0 [0x013DAF9B+1093531]
Ordinal0 [0x013DB103+1093891]
Ordinal0 [0x013DA095+1089685]
BaseThreadInitThunk [0x750F8494+36]
RtlAreBitsSet [0x77B841C8+136]
RtlAreBitsSet [0x77B84198+88]

at org.openqa.selenium.remote.W3CHandshakeResponse.lambda$errorHandler$0(W3CHandshakeResponse.java:62)
at org.openqa.selenium.remote.HandshakeResponse.lambda$getResponseFunction$0(HandshakeResponse.java:30)
at org.openqa.selenium.remote.ProtocolHandshake.lambda$createSession$0(ProtocolHandshake.java:126)
at java.util.stream.ReferencePipeline$3$1.accept(Unknown Source)
at java.util.Spliterators$ArraySpliterator.tryAdvance(Unknown Source)
at java.util.stream.ReferencePipeline.forEachWithCancel(Unknown Source)
at java.util.stream.AbstractPipeline.copyIntoWithCancel(Unknown Source)
at java.util.stream.AbstractPipeline.copyInto(Unknown Source)
at java.util.stream.AbstractPipeline.wrapAndCopyInto(Unknown Source)
at java.util.stream.FindOps$FindOp.evaluateSequential(Unknown Source)
at java.util.stream.AbstractPipeline.evaluate(Unknown Source)
at java.util.stream.ReferencePipeline.findFirst(Unknown Source)
at org.openqa.selenium.remote.ProtocolHandshake.createSession(ProtocolHandshake.java:128)
at org.openqa.selenium.remote.ProtocolHandshake.createSession(ProtocolHandshake.java:74)
at org.openqa.selenium.remote.HttpCommandExecutor.execute(HttpCommandExecutor.java:136)
at org.openqa.selenium.remote.service.DriverCommandExecutor.execute(DriverCommandExecutor.java:83)
at org.openqa.selenium.remote.RemoteWebDriver.execute(RemoteWebDriver.java:552)
at org.openqa.selenium.remote.RemoteWebDriver.startSession(RemoteWebDriver.java:213)
at org.openqa.selenium.remote.RemoteWebDriver.<init>(RemoteWebDriver.java:131)
at org.openqa.selenium.chrome.ChromeDriver.<init>(ChromeDriver.java:181)
at org.openqa.selenium.chrome.ChromeDriver.<init>(ChromeDriver.java:168)
at org.openqa.selenium.chrome.ChromeDriver.<init>(ChromeDriver.java:123)
at com_ActiTime_Generic.BaseTest.precondition(BaseTest.java:23)
at java.util.ArrayList.forEach(Unknown Source)
... Removed 35 stack frames]]>
    </failure>
  </testcase> <!-- @BeforeMethod precondition -->
  <testcase name="@AfterMethod postcondition" time="-1.581607088237E9" classname="com_ActiTime_Generic.BaseTest">
    <skipped/>
  </testcase> <!-- @AfterMethod postcondition -->
  <testcase name="@BeforeMethod precondition" time="1.65" classname="com_ActiTime_Generic.BaseTest">
    <failure type="org.openqa.selenium.SessionNotCreatedException" message="session not created: This version of ChromeDriver only supports Chrome version 77
Build info: version: &amp;apos;3.141.59&amp;apos;, revision: &amp;apos;e82be7d358&amp;apos;, time: &amp;apos;2018-11-14T08:25:53&amp;apos;
System info: host: &amp;apos;SHASHI-KUMAR&amp;apos;, ip: &amp;apos;192.168.0.103&amp;apos;, os.name: &amp;apos;Windows 10&amp;apos;, os.arch: &amp;apos;amd64&amp;apos;, os.version: &amp;apos;10.0&amp;apos;, java.version: &amp;apos;1.8.0_231&amp;apos;
Driver info: driver.version: ChromeDriver
remote stacktrace: Backtrace:
	Ordinal0 [0x0143EB13+1501971]
	Ordinal0 [0x013BF6D1+980689]
	Ordinal0 [0x0134765F+489055]
	Ordinal0 [0x012DF2F4+62196]
	Ordinal0 [0x012DBCDA+48346]
	Ordinal0 [0x012F9800+169984]
	Ordinal0 [0x012F942D+169005]
	Ordinal0 [0x012F78EB+162027]
	Ordinal0 [0x012E0AC7+68295]
	Ordinal0 [0x012E1B40+72512]
	Ordinal0 [0x012E1AD9+72409]
	Ordinal0 [0x013D8F37+1085239]
	GetHandleVerifier [0x014DD7ED+503293]
	GetHandleVerifier [0x014DD580+502672]
	GetHandleVerifier [0x014E46AC+531644]
	GetHandleVerifier [0x014DDFFA+505354]
	Ordinal0 [0x013D0606+1050118]
	Ordinal0 [0x013D047F+1049727]
	Ordinal0 [0x013DAF9B+1093531]
	Ordinal0 [0x013DB103+1093891]
	Ordinal0 [0x013DA095+1089685]
	BaseThreadInitThunk [0x750F8494+36]
	RtlAreBitsSet [0x77B841C8+136]
	RtlAreBitsSet [0x77B84198+88]
">
      <![CDATA[org.openqa.selenium.SessionNotCreatedException: session not created: This version of ChromeDriver only supports Chrome version 77
Build info: version: '3.141.59', revision: 'e82be7d358', time: '2018-11-14T08:25:53'
System info: host: 'SHASHI-KUMAR', ip: '192.168.0.103', os.name: 'Windows 10', os.arch: 'amd64', os.version: '10.0', java.version: '1.8.0_231'
Driver info: driver.version: ChromeDriver
remote stacktrace: Backtrace:
Ordinal0 [0x0143EB13+1501971]
Ordinal0 [0x013BF6D1+980689]
Ordinal0 [0x0134765F+489055]
Ordinal0 [0x012DF2F4+62196]
Ordinal0 [0x012DBCDA+48346]
Ordinal0 [0x012F9800+169984]
Ordinal0 [0x012F942D+169005]
Ordinal0 [0x012F78EB+162027]
Ordinal0 [0x012E0AC7+68295]
Ordinal0 [0x012E1B40+72512]
Ordinal0 [0x012E1AD9+72409]
Ordinal0 [0x013D8F37+1085239]
GetHandleVerifier [0x014DD7ED+503293]
GetHandleVerifier [0x014DD580+502672]
GetHandleVerifier [0x014E46AC+531644]
GetHandleVerifier [0x014DDFFA+505354]
Ordinal0 [0x013D0606+1050118]
Ordinal0 [0x013D047F+1049727]
Ordinal0 [0x013DAF9B+1093531]
Ordinal0 [0x013DB103+1093891]
Ordinal0 [0x013DA095+1089685]
BaseThreadInitThunk [0x750F8494+36]
RtlAreBitsSet [0x77B841C8+136]
RtlAreBitsSet [0x77B84198+88]

at org.openqa.selenium.remote.W3CHandshakeResponse.lambda$errorHandler$0(W3CHandshakeResponse.java:62)
at org.openqa.selenium.remote.HandshakeResponse.lambda$getResponseFunction$0(HandshakeResponse.java:30)
at org.openqa.selenium.remote.ProtocolHandshake.lambda$createSession$0(ProtocolHandshake.java:126)
at java.util.stream.ReferencePipeline$3$1.accept(Unknown Source)
at java.util.Spliterators$ArraySpliterator.tryAdvance(Unknown Source)
at java.util.stream.ReferencePipeline.forEachWithCancel(Unknown Source)
at java.util.stream.AbstractPipeline.copyIntoWithCancel(Unknown Source)
at java.util.stream.AbstractPipeline.copyInto(Unknown Source)
at java.util.stream.AbstractPipeline.wrapAndCopyInto(Unknown Source)
at java.util.stream.FindOps$FindOp.evaluateSequential(Unknown Source)
at java.util.stream.AbstractPipeline.evaluate(Unknown Source)
at java.util.stream.ReferencePipeline.findFirst(Unknown Source)
at org.openqa.selenium.remote.ProtocolHandshake.createSession(ProtocolHandshake.java:128)
at org.openqa.selenium.remote.ProtocolHandshake.createSession(ProtocolHandshake.java:74)
at org.openqa.selenium.remote.HttpCommandExecutor.execute(HttpCommandExecutor.java:136)
at org.openqa.selenium.remote.service.DriverCommandExecutor.execute(DriverCommandExecutor.java:83)
at org.openqa.selenium.remote.RemoteWebDriver.execute(RemoteWebDriver.java:552)
at org.openqa.selenium.remote.RemoteWebDriver.startSession(RemoteWebDriver.java:213)
at org.openqa.selenium.remote.RemoteWebDriver.<init>(RemoteWebDriver.java:131)
at org.openqa.selenium.chrome.ChromeDriver.<init>(ChromeDriver.java:181)
at org.openqa.selenium.chrome.ChromeDriver.<init>(ChromeDriver.java:168)
at org.openqa.selenium.chrome.ChromeDriver.<init>(ChromeDriver.java:123)
at com_ActiTime_Generic.BaseTest.precondition(BaseTest.java:23)
at java.util.ArrayList.forEach(Unknown Source)
... Removed 35 stack frames]]>
    </failure>
  </testcase> <!-- @BeforeMethod precondition -->
  <testcase name="@AfterMethod postcondition" time="-1.581607089916E9" classname="com_ActiTime_Generic.BaseTest">
    <skipped/>
  </testcase> <!-- @AfterMethod postcondition -->
  <testcase name="@BeforeMethod precondition" time="1.499" classname="com_ActiTime_Generic.BaseTest">
    <failure type="org.openqa.selenium.SessionNotCreatedException" message="session not created: This version of ChromeDriver only supports Chrome version 77
Build info: version: &amp;apos;3.141.59&amp;apos;, revision: &amp;apos;e82be7d358&amp;apos;, time: &amp;apos;2018-11-14T08:25:53&amp;apos;
System info: host: &amp;apos;SHASHI-KUMAR&amp;apos;, ip: &amp;apos;192.168.0.103&amp;apos;, os.name: &amp;apos;Windows 10&amp;apos;, os.arch: &amp;apos;amd64&amp;apos;, os.version: &amp;apos;10.0&amp;apos;, java.version: &amp;apos;1.8.0_231&amp;apos;
Driver info: driver.version: ChromeDriver
remote stacktrace: Backtrace:
	Ordinal0 [0x0143EB13+1501971]
	Ordinal0 [0x013BF6D1+980689]
	Ordinal0 [0x0134765F+489055]
	Ordinal0 [0x012DF2F4+62196]
	Ordinal0 [0x012DBCDA+48346]
	Ordinal0 [0x012F9800+169984]
	Ordinal0 [0x012F942D+169005]
	Ordinal0 [0x012F78EB+162027]
	Ordinal0 [0x012E0AC7+68295]
	Ordinal0 [0x012E1B40+72512]
	Ordinal0 [0x012E1AD9+72409]
	Ordinal0 [0x013D8F37+1085239]
	GetHandleVerifier [0x014DD7ED+503293]
	GetHandleVerifier [0x014DD580+502672]
	GetHandleVerifier [0x014E46AC+531644]
	GetHandleVerifier [0x014DDFFA+505354]
	Ordinal0 [0x013D0606+1050118]
	Ordinal0 [0x013D047F+1049727]
	Ordinal0 [0x013DAF9B+1093531]
	Ordinal0 [0x013DB103+1093891]
	Ordinal0 [0x013DA095+1089685]
	BaseThreadInitThunk [0x750F8494+36]
	RtlAreBitsSet [0x77B841C8+136]
	RtlAreBitsSet [0x77B84198+88]
">
      <![CDATA[org.openqa.selenium.SessionNotCreatedException: session not created: This version of ChromeDriver only supports Chrome version 77
Build info: version: '3.141.59', revision: 'e82be7d358', time: '2018-11-14T08:25:53'
System info: host: 'SHASHI-KUMAR', ip: '192.168.0.103', os.name: 'Windows 10', os.arch: 'amd64', os.version: '10.0', java.version: '1.8.0_231'
Driver info: driver.version: ChromeDriver
remote stacktrace: Backtrace:
Ordinal0 [0x0143EB13+1501971]
Ordinal0 [0x013BF6D1+980689]
Ordinal0 [0x0134765F+489055]
Ordinal0 [0x012DF2F4+62196]
Ordinal0 [0x012DBCDA+48346]
Ordinal0 [0x012F9800+169984]
Ordinal0 [0x012F942D+169005]
Ordinal0 [0x012F78EB+162027]
Ordinal0 [0x012E0AC7+68295]
Ordinal0 [0x012E1B40+72512]
Ordinal0 [0x012E1AD9+72409]
Ordinal0 [0x013D8F37+1085239]
GetHandleVerifier [0x014DD7ED+503293]
GetHandleVerifier [0x014DD580+502672]
GetHandleVerifier [0x014E46AC+531644]
GetHandleVerifier [0x014DDFFA+505354]
Ordinal0 [0x013D0606+1050118]
Ordinal0 [0x013D047F+1049727]
Ordinal0 [0x013DAF9B+1093531]
Ordinal0 [0x013DB103+1093891]
Ordinal0 [0x013DA095+1089685]
BaseThreadInitThunk [0x750F8494+36]
RtlAreBitsSet [0x77B841C8+136]
RtlAreBitsSet [0x77B84198+88]

at org.openqa.selenium.remote.W3CHandshakeResponse.lambda$errorHandler$0(W3CHandshakeResponse.java:62)
at org.openqa.selenium.remote.HandshakeResponse.lambda$getResponseFunction$0(HandshakeResponse.java:30)
at org.openqa.selenium.remote.ProtocolHandshake.lambda$createSession$0(ProtocolHandshake.java:126)
at java.util.stream.ReferencePipeline$3$1.accept(Unknown Source)
at java.util.Spliterators$ArraySpliterator.tryAdvance(Unknown Source)
at java.util.stream.ReferencePipeline.forEachWithCancel(Unknown Source)
at java.util.stream.AbstractPipeline.copyIntoWithCancel(Unknown Source)
at java.util.stream.AbstractPipeline.copyInto(Unknown Source)
at java.util.stream.AbstractPipeline.wrapAndCopyInto(Unknown Source)
at java.util.stream.FindOps$FindOp.evaluateSequential(Unknown Source)
at java.util.stream.AbstractPipeline.evaluate(Unknown Source)
at java.util.stream.ReferencePipeline.findFirst(Unknown Source)
at org.openqa.selenium.remote.ProtocolHandshake.createSession(ProtocolHandshake.java:128)
at org.openqa.selenium.remote.ProtocolHandshake.createSession(ProtocolHandshake.java:74)
at org.openqa.selenium.remote.HttpCommandExecutor.execute(HttpCommandExecutor.java:136)
at org.openqa.selenium.remote.service.DriverCommandExecutor.execute(DriverCommandExecutor.java:83)
at org.openqa.selenium.remote.RemoteWebDriver.execute(RemoteWebDriver.java:552)
at org.openqa.selenium.remote.RemoteWebDriver.startSession(RemoteWebDriver.java:213)
at org.openqa.selenium.remote.RemoteWebDriver.<init>(RemoteWebDriver.java:131)
at org.openqa.selenium.chrome.ChromeDriver.<init>(ChromeDriver.java:181)
at org.openqa.selenium.chrome.ChromeDriver.<init>(ChromeDriver.java:168)
at org.openqa.selenium.chrome.ChromeDriver.<init>(ChromeDriver.java:123)
at com_ActiTime_Generic.BaseTest.precondition(BaseTest.java:23)
at java.util.ArrayList.forEach(Unknown Source)
... Removed 35 stack frames]]>
    </failure>
  </testcase> <!-- @BeforeMethod precondition -->
  <testcase name="@AfterMethod postcondition" time="-1.581607091444E9" classname="com_ActiTime_Generic.BaseTest">
    <skipped/>
  </testcase> <!-- @AfterMethod postcondition -->
  <testcase name="InvalidLogin" time="0.0" classname="com_ActiTime_Tests.InvalidLoginTest">
    <skipped/>
  </testcase> <!-- InvalidLogin -->
  <testcase name="ValidLoginLogout" time="0.0" classname="com_ActiTime_Tests.ValidLoginLogoutTest">
    <skipped/>
  </testcase> <!-- ValidLoginLogout -->
  <testcase name="Verifyversion" time="0.0" classname="com_ActiTime_Tests.VerifyversionTest">
    <skipped/>
  </testcase> <!-- Verifyversion -->
</testsuite> <!-- Test -->
